# JRE version: OpenJDK Runtime Environment (11.0.10) (build 11.0.10+0-b96-7249189)
# Java VM: OpenJDK 64-Bit Server VM (11.0.10+0-b96-7249189, mixed mode, tiered, compressed oops, g1 gc, windows-amd64)
Heap:
 garbage-first heap   total 172032K, used 137626K [0x0000000080000000, 0x0000000100000000)
  region size 1024K, 33 young (33792K), 5 survivors (5120K)
 Metaspace       used 114674K, capacity 117610K, committed 118656K, reserved 1150976K
  class space    used 14989K, capacity 16114K, committed 16512K, reserved 1048576K
GC Heap History (20 events):
Event: 25.342 GC heap before
{Heap before GC invocations=37 (full 0):
 garbage-first heap   total 143360K, used 116503K [0x0000000080000000, 0x0000000100000000)
  region size 1024K, 40 young (40960K), 6 survivors (6144K)
 Metaspace       used 89536K, capacity 91566K, committed 92032K, reserved 1128448K
  class space    used 11503K, capacity 12278K, committed 12416K, reserved 1048576K
}
Event: 25.353 GC heap after
{Heap after GC invocations=38 (full 0):
 garbage-first heap   total 143360K, used 84037K [0x0000000080000000, 0x0000000100000000)
  region size 1024K, 3 young (3072K), 3 survivors (3072K)
 Metaspace       used 89536K, capacity 91566K, committed 92032K, reserved 1128448K
  class space    used 11503K, capacity 12278K, committed 12416K, reserved 1048576K
}
Event: 26.040 GC heap before
{Heap before GC invocations=39 (full 0):
 garbage-first heap   total 143360K, used 117829K [0x0000000080000000, 0x0000000100000000)
  region size 1024K, 36 young (36864K), 3 survivors (3072K)
 Metaspace       used 91591K, capacity 93685K, committed 94080K, reserved 1130496K
  class space    used 11746K, capacity 12511K, committed 12672K, reserved 1048576K
}
Event: 26.049 GC heap after
{Heap after GC invocations=40 (full 0):
 garbage-first heap   total 172032K, used 86611K [0x0000000080000000, 0x0000000100000000)
  region size 1024K, 5 young (5120K), 5 survivors (5120K)
 Metaspace       used 91591K, capacity 93685K, committed 94080K, reserved 1130496K
  class space    used 11746K, capacity 12511K, committed 12672K, reserved 1048576K
}
Event: 32.285 GC heap before
{Heap before GC invocations=40 (full 0):
 garbage-first heap   total 172032K, used 131667K [0x0000000080000000, 0x0000000100000000)
  region size 1024K, 49 young (50176K), 5 survivors (5120K)
 Metaspace       used 94413K, capacity 96786K, committed 97024K, reserved 1132544K
  class space    used 12152K, capacity 13024K, committed 13056K, reserved 1048576K
}
Event: 32.293 GC heap after
{Heap after GC invocations=41 (full 0):
 garbage-first heap   total 172032K, used 88121K [0x0000000080000000, 0x0000000100000000)
  region size 1024K, 5 young (5120K), 5 survivors (5120K)
 Metaspace       used 94413K, capacity 96786K, committed 97024K, reserved 1132544K
  class space    used 12152K, capacity 13024K, committed 13056K, reserved 1048576K
}
Event: 33.323 GC heap before
{Heap before GC invocations=42 (full 0):
 garbage-first heap   total 172032K, used 133177K [0x0000000080000000, 0x0000000100000000)
  region size 1024K, 50 young (51200K), 5 survivors (5120K)
 Metaspace       used 99761K, capacity 102084K, committed 102400K, reserved 1138688K
  class space    used 12832K, capacity 13703K, committed 13824K, reserved 1048576K
}
Event: 33.334 GC heap after
{Heap after GC invocations=43 (full 0):
 garbage-first heap   total 172032K, used 93574K [0x0000000080000000, 0x0000000100000000)
  region size 1024K, 7 young (7168K), 7 survivors (7168K)
 Metaspace       used 99761K, capacity 102084K, committed 102400K, reserved 1138688K
  class space    used 12832K, capacity 13703K, committed 13824K, reserved 1048576K
}
Event: 33.502 GC heap before
{Heap before GC invocations=43 (full 0):
 garbage-first heap   total 172032K, used 98694K [0x0000000080000000, 0x0000000100000000)
  region size 1024K, 13 young (13312K), 7 survivors (7168K)
 Metaspace       used 101221K, capacity 103614K, committed 103808K, reserved 1138688K
  class space    used 13018K, capacity 13896K, committed 13952K, reserved 1048576K
}
Event: 33.520 GC heap after
{Heap after GC invocations=44 (full 0):
 garbage-first heap   total 172032K, used 94167K [0x0000000080000000, 0x0000000100000000)
  region size 1024K, 1 young (1024K), 1 survivors (1024K)
 Metaspace       used 101221K, capacity 103614K, committed 103808K, reserved 1138688K
  class space    used 13018K, capacity 13896K, committed 13952K, reserved 1048576K
}
Event: 34.590 GC heap before
{Heap before GC invocations=45 (full 0):
 garbage-first heap   total 172032K, used 123863K [0x0000000080000000, 0x0000000100000000)
  region size 1024K, 30 young (30720K), 1 survivors (1024K)
 Metaspace       used 102221K, capacity 104629K, committed 104704K, reserved 1140736K
  class space    used 13144K, capacity 14060K, committed 14080K, reserved 1048576K
}
Event: 34.594 GC heap after
{Heap after GC invocations=46 (full 0):
 garbage-first heap   total 172032K, used 97336K [0x0000000080000000, 0x0000000100000000)
  region size 1024K, 3 young (3072K), 3 survivors (3072K)
 Metaspace       used 102221K, capacity 104629K, committed 104704K, reserved 1140736K
  class space    used 13144K, capacity 14060K, committed 14080K, reserved 1048576K
}
Event: 35.285 GC heap before
{Heap before GC invocations=47 (full 0):
 garbage-first heap   total 172032K, used 136248K [0x0000000080000000, 0x0000000100000000)
  region size 1024K, 40 young (40960K), 3 survivors (3072K)
 Metaspace       used 106309K, capacity 108885K, committed 108928K, reserved 1142784K
  class space    used 13744K, capacity 14712K, committed 14720K, reserved 1048576K
}
Event: 35.298 GC heap after
{Heap after GC invocations=48 (full 0):
 garbage-first heap   total 172032K, used 103923K [0x0000000080000000, 0x0000000100000000)
  region size 1024K, 5 young (5120K), 5 survivors (5120K)
 Metaspace       used 106309K, capacity 108885K, committed 108928K, reserved 1142784K
  class space    used 13744K, capacity 14712K, committed 14720K, reserved 1048576K
}
Event: 35.827 GC heap before
{Heap before GC invocations=48 (full 0):
 garbage-first heap   total 172032K, used 136691K [0x0000000080000000, 0x0000000100000000)
  region size 1024K, 38 young (38912K), 5 survivors (5120K)
 Metaspace       used 111181K, capacity 114255K, committed 114432K, reserved 1148928K
  class space    used 14571K, capacity 15748K, committed 15872K, reserved 1048576K
}
Event: 35.847 GC heap after
{Heap after GC invocations=49 (full 0):
 garbage-first heap   total 172032K, used 108701K [0x0000000080000000, 0x0000000100000000)
  region size 1024K, 5 young (5120K), 5 survivors (5120K)
 Metaspace       used 111181K, capacity 114255K, committed 114432K, reserved 1148928K
  class space    used 14571K, capacity 15748K, committed 15872K, reserved 1048576K
}
Event: 36.257 GC heap before
{Heap before GC invocations=50 (full 0):
 garbage-first heap   total 172032K, used 139421K [0x0000000080000000, 0x0000000100000000)
  region size 1024K, 35 young (35840K), 5 survivors (5120K)
 Metaspace       used 112376K, capacity 115478K, committed 115584K, reserved 1148928K
  class space    used 14748K, capacity 15961K, committed 16000K, reserved 1048576K
}
Event: 36.266 GC heap after
{Heap after GC invocations=51 (full 0):
 garbage-first heap   total 172032K, used 108127K [0x0000000080000000, 0x0000000100000000)
  region size 1024K, 2 young (2048K), 2 survivors (2048K)
 Metaspace       used 112376K, capacity 115478K, committed 115584K, reserved 1148928K
  class space    used 14748K, capacity 15961K, committed 16000K, reserved 1048576K
}
Event: 36.513 GC heap before
{Heap before GC invocations=51 (full 0):
 garbage-first heap   total 172032K, used 128607K [0x0000000080000000, 0x0000000100000000)
  region size 1024K, 23 young (23552K), 2 survivors (2048K)
 Metaspace       used 113561K, capacity 116787K, committed 117120K, reserved 1150976K
  class space    used 14905K, capacity 16177K, committed 16256K, reserved 1048576K
}
Event: 36.519 GC heap after
{Heap after GC invocations=52 (full 0):
 garbage-first heap   total 172032K, used 111002K [0x0000000080000000, 0x0000000100000000)
  region size 1024K, 5 young (5120K), 5 survivors (5120K)
 Metaspace       used 113561K, capacity 116787K, committed 117120K, reserved 1150976K
  class space    used 14905K, capacity 16177K, committed 16256K, reserved 1048576K
}

