# JRE version: OpenJDK Runtime Environment (11.0.10) (build 11.0.10+0-b96-7249189)
# Java VM: OpenJDK 64-Bit Server VM (11.0.10+0-b96-7249189, mixed mode, tiered, compressed oops, g1 gc, windows-amd64)
Heap:
 garbage-first heap   total 217088K, used 95748K [0x0000000080000000, 0x0000000100000000)
  region size 1024K, 9 young (9216K), 4 survivors (4096K)
 Metaspace       used 100221K, capacity 102824K, committed 103168K, reserved 1138688K
  class space    used 13232K, capacity 14210K, committed 14336K, reserved 1048576K
GC Heap History (20 events):
Event: 18.618 GC heap before
{Heap before GC invocations=32 (full 0):
 garbage-first heap   total 118784K, used 94017K [0x0000000080000000, 0x0000000100000000)
  region size 1024K, 29 young (29696K), 3 survivors (3072K)
 Metaspace       used 81179K, capacity 83108K, committed 83328K, reserved 1122304K
  class space    used 10580K, capacity 11292K, committed 11392K, reserved 1048576K
}
Event: 18.626 GC heap after
{Heap after GC invocations=33 (full 0):
 garbage-first heap   total 143360K, used 69631K [0x0000000080000000, 0x0000000100000000)
  region size 1024K, 4 young (4096K), 4 survivors (4096K)
 Metaspace       used 81179K, capacity 83108K, committed 83328K, reserved 1122304K
  class space    used 10580K, capacity 11292K, committed 11392K, reserved 1048576K
}
Event: 19.298 GC heap before
{Heap before GC invocations=33 (full 0):
 garbage-first heap   total 143360K, used 103423K [0x0000000080000000, 0x0000000100000000)
  region size 1024K, 38 young (38912K), 4 survivors (4096K)
 Metaspace       used 82319K, capacity 84363K, committed 84480K, reserved 1122304K
  class space    used 10749K, capacity 11513K, committed 11520K, reserved 1048576K
}
Event: 19.307 GC heap after
{Heap after GC invocations=34 (full 0):
 garbage-first heap   total 143360K, used 72200K [0x0000000080000000, 0x0000000100000000)
  region size 1024K, 5 young (5120K), 5 survivors (5120K)
 Metaspace       used 82319K, capacity 84363K, committed 84480K, reserved 1122304K
  class space    used 10749K, capacity 11513K, committed 11520K, reserved 1048576K
}
Event: 19.881 GC heap before
{Heap before GC invocations=35 (full 0):
 garbage-first heap   total 143360K, used 107016K [0x0000000080000000, 0x0000000100000000)
  region size 1024K, 40 young (40960K), 5 survivors (5120K)
 Metaspace       used 82851K, capacity 84977K, committed 85120K, reserved 1122304K
  class space    used 10790K, capacity 11598K, committed 11648K, reserved 1048576K
}
Event: 19.891 GC heap after
{Heap after GC invocations=36 (full 0):
 garbage-first heap   total 143360K, used 74556K [0x0000000080000000, 0x0000000100000000)
  region size 1024K, 5 young (5120K), 5 survivors (5120K)
 Metaspace       used 82851K, capacity 84977K, committed 85120K, reserved 1122304K
  class space    used 10790K, capacity 11598K, committed 11648K, reserved 1048576K
}
Event: 20.394 GC heap before
{Heap before GC invocations=36 (full 0):
 garbage-first heap   total 143360K, used 109372K [0x0000000080000000, 0x0000000100000000)
  region size 1024K, 40 young (40960K), 5 survivors (5120K)
 Metaspace       used 83578K, capacity 85781K, committed 86016K, reserved 1124352K
  class space    used 10856K, capacity 11673K, committed 11776K, reserved 1048576K
}
Event: 20.404 GC heap after
{Heap after GC invocations=37 (full 0):
 garbage-first heap   total 143360K, used 76778K [0x0000000080000000, 0x0000000100000000)
  region size 1024K, 3 young (3072K), 3 survivors (3072K)
 Metaspace       used 83578K, capacity 85781K, committed 86016K, reserved 1124352K
  class space    used 10856K, capacity 11673K, committed 11776K, reserved 1048576K
}
Event: 21.211 GC heap before
{Heap before GC invocations=38 (full 0):
 garbage-first heap   total 143360K, used 112618K [0x0000000080000000, 0x0000000100000000)
  region size 1024K, 38 young (38912K), 3 survivors (3072K)
 Metaspace       used 86126K, capacity 88271K, committed 88320K, reserved 1126400K
  class space    used 11199K, capacity 12012K, committed 12032K, reserved 1048576K
}
Event: 21.218 GC heap after
{Heap after GC invocations=39 (full 0):
 garbage-first heap   total 172032K, used 77586K [0x0000000080000000, 0x0000000100000000)
  region size 1024K, 4 young (4096K), 4 survivors (4096K)
 Metaspace       used 86126K, capacity 88271K, committed 88320K, reserved 1126400K
  class space    used 11199K, capacity 12012K, committed 12032K, reserved 1048576K
}
Event: 22.202 GC heap before
{Heap before GC invocations=39 (full 0):
 garbage-first heap   total 172032K, used 125714K [0x0000000080000000, 0x0000000100000000)
  region size 1024K, 51 young (52224K), 4 survivors (4096K)
 Metaspace       used 88926K, capacity 91088K, committed 91264K, reserved 1128448K
  class space    used 11519K, capacity 12321K, committed 12416K, reserved 1048576K
}
Event: 22.213 GC heap after
{Heap after GC invocations=40 (full 0):
 garbage-first heap   total 172032K, used 80793K [0x0000000080000000, 0x0000000100000000)
  region size 1024K, 7 young (7168K), 7 survivors (7168K)
 Metaspace       used 88926K, capacity 91088K, committed 91264K, reserved 1128448K
  class space    used 11519K, capacity 12321K, committed 12416K, reserved 1048576K
}
Event: 22.803 GC heap before
{Heap before GC invocations=40 (full 0):
 garbage-first heap   total 172032K, used 127897K [0x0000000080000000, 0x0000000100000000)
  region size 1024K, 54 young (55296K), 7 survivors (7168K)
 Metaspace       used 90148K, capacity 92289K, committed 92544K, reserved 1130496K
  class space    used 11621K, capacity 12416K, committed 12416K, reserved 1048576K
}
Event: 22.815 GC heap after
{Heap after GC invocations=41 (full 0):
 garbage-first heap   total 172032K, used 83356K [0x0000000080000000, 0x0000000100000000)
  region size 1024K, 7 young (7168K), 7 survivors (7168K)
 Metaspace       used 90148K, capacity 92289K, committed 92544K, reserved 1130496K
  class space    used 11621K, capacity 12416K, committed 12416K, reserved 1048576K
}
Event: 23.814 GC heap before
{Heap before GC invocations=41 (full 0):
 garbage-first heap   total 172032K, used 131484K [0x0000000080000000, 0x0000000100000000)
  region size 1024K, 55 young (56320K), 7 survivors (7168K)
 Metaspace       used 97658K, capacity 100130K, committed 100480K, reserved 1136640K
  class space    used 12928K, capacity 13855K, committed 13952K, reserved 1048576K
}
Event: 23.858 GC heap after
{Heap after GC invocations=42 (full 0):
 garbage-first heap   total 172032K, used 89517K [0x0000000080000000, 0x0000000100000000)
  region size 1024K, 7 young (7168K), 7 survivors (7168K)
 Metaspace       used 97658K, capacity 100130K, committed 100480K, reserved 1136640K
  class space    used 12928K, capacity 13855K, committed 13952K, reserved 1048576K
}
Event: 24.215 GC heap before
{Heap before GC invocations=43 (full 0):
 garbage-first heap   total 172032K, used 97709K [0x0000000080000000, 0x0000000100000000)
  region size 1024K, 17 young (17408K), 7 survivors (7168K)
 Metaspace       used 98075K, capacity 100568K, committed 101120K, reserved 1136640K
  class space    used 12954K, capacity 13864K, committed 14080K, reserved 1048576K
}
Event: 24.239 GC heap after
{Heap after GC invocations=44 (full 0):
 garbage-first heap   total 172032K, used 91734K [0x0000000080000000, 0x0000000100000000)
  region size 1024K, 3 young (3072K), 3 survivors (3072K)
 Metaspace       used 98075K, capacity 100568K, committed 101120K, reserved 1136640K
  class space    used 12954K, capacity 13864K, committed 14080K, reserved 1048576K
}
Event: 25.094 GC heap before
{Heap before GC invocations=45 (full 0):
 garbage-first heap   total 172032K, used 123478K [0x0000000080000000, 0x0000000100000000)
  region size 1024K, 33 young (33792K), 3 survivors (3072K)
 Metaspace       used 99636K, capacity 102228K, committed 102528K, reserved 1138688K
  class space    used 13141K, capacity 14115K, committed 14208K, reserved 1048576K
}
Event: 25.103 GC heap after
{Heap after GC invocations=46 (full 0):
 garbage-first heap   total 217088K, used 92676K [0x0000000080000000, 0x0000000100000000)
  region size 1024K, 4 young (4096K), 4 survivors (4096K)
 Metaspace       used 99636K, capacity 102228K, committed 102528K, reserved 1138688K
  class space    used 13141K, capacity 14115K, committed 14208K, reserved 1048576K
}

