# JRE version: OpenJDK Runtime Environment (11.0.10) (build 11.0.10+0-b96-7249189)
# Java VM: OpenJDK 64-Bit Server VM (11.0.10+0-b96-7249189, mixed mode, tiered, compressed oops, g1 gc, windows-amd64)
Heap:
 garbage-first heap   total 172032K, used 133117K [0x0000000080000000, 0x0000000100000000)
  region size 1024K, 19 young (19456K), 3 survivors (3072K)
 Metaspace       used 120941K, capacity 124199K, committed 124492K, reserved 1157120K
  class space    used 15564K, capacity 16799K, committed 16972K, reserved 1048576K
GC Heap History (20 events):
Event: 33.538 GC heap before
{Heap before GC invocations=46 (full 0):
 garbage-first heap   total 172032K, used 138710K [0x0000000080000000, 0x0000000100000000)
  region size 1024K, 33 young (33792K), 3 survivors (3072K)
 Metaspace       used 114098K, capacity 116984K, committed 118092K, reserved 1150976K
  class space    used 14889K, capacity 15980K, committed 16460K, reserved 1048576K
}
Event: 33.559 GC heap after
{Heap after GC invocations=47 (full 0):
 garbage-first heap   total 172032K, used 112313K [0x0000000080000000, 0x0000000100000000)
  region size 1024K, 5 young (5120K), 5 survivors (5120K)
 Metaspace       used 114098K, capacity 116984K, committed 118092K, reserved 1150976K
  class space    used 14889K, capacity 15980K, committed 16460K, reserved 1048576K
}
Event: 34.226 GC heap before
{Heap before GC invocations=48 (full 0):
 garbage-first heap   total 172032K, used 153273K [0x0000000080000000, 0x0000000100000000)
  region size 1024K, 33 young (33792K), 5 survivors (5120K)
 Metaspace       used 115844K, capacity 118797K, committed 119500K, reserved 1153024K
  class space    used 15114K, capacity 16236K, committed 16588K, reserved 1048576K
}
Event: 34.235 GC heap after
{Heap after GC invocations=49 (full 0):
 garbage-first heap   total 172032K, used 112403K [0x0000000080000000, 0x0000000100000000)
  region size 1024K, 2 young (2048K), 2 survivors (2048K)
 Metaspace       used 115844K, capacity 118797K, committed 119500K, reserved 1153024K
  class space    used 15114K, capacity 16236K, committed 16588K, reserved 1048576K
}
Event: 39.119 GC heap before
{Heap before GC invocations=49 (full 0):
 garbage-first heap   total 172032K, used 118547K [0x0000000080000000, 0x0000000100000000)
  region size 1024K, 8 young (8192K), 2 survivors (2048K)
 Metaspace       used 116453K, capacity 119519K, committed 120140K, reserved 1153024K
  class space    used 15203K, capacity 16366K, committed 16716K, reserved 1048576K
}
Event: 39.124 GC heap after
{Heap after GC invocations=50 (full 0):
 garbage-first heap   total 172032K, used 111241K [0x0000000080000000, 0x0000000100000000)
  region size 1024K, 1 young (1024K), 1 survivors (1024K)
 Metaspace       used 116453K, capacity 119519K, committed 120140K, reserved 1153024K
  class space    used 15203K, capacity 16366K, committed 16716K, reserved 1048576K
}
Event: 366.065 GC heap before
{Heap before GC invocations=50 (full 0):
 garbage-first heap   total 172032K, used 139913K [0x0000000080000000, 0x0000000100000000)
  region size 1024K, 30 young (30720K), 1 survivors (1024K)
 Metaspace       used 117119K, capacity 120273K, committed 120652K, reserved 1153024K
  class space    used 15257K, capacity 16453K, committed 16716K, reserved 1048576K
}
Event: 366.122 GC heap after
{Heap after GC invocations=51 (full 0):
 garbage-first heap   total 172032K, used 112870K [0x0000000080000000, 0x0000000100000000)
  region size 1024K, 2 young (2048K), 2 survivors (2048K)
 Metaspace       used 117119K, capacity 120273K, committed 120652K, reserved 1153024K
  class space    used 15257K, capacity 16453K, committed 16716K, reserved 1048576K
}
Event: 368.378 GC heap before
{Heap before GC invocations=52 (full 0):
 garbage-first heap   total 172032K, used 140518K [0x0000000080000000, 0x0000000100000000)
  region size 1024K, 31 young (31744K), 2 survivors (2048K)
 Metaspace       used 117756K, capacity 120911K, committed 121420K, reserved 1155072K
  class space    used 15288K, capacity 16486K, committed 16716K, reserved 1048576K
}
Event: 368.424 GC heap after
{Heap after GC invocations=53 (full 0):
 garbage-first heap   total 172032K, used 118005K [0x0000000080000000, 0x0000000100000000)
  region size 1024K, 4 young (4096K), 4 survivors (4096K)
 Metaspace       used 117756K, capacity 120911K, committed 121420K, reserved 1155072K
  class space    used 15288K, capacity 16486K, committed 16716K, reserved 1048576K
}
Event: 368.514 GC heap before
{Heap before GC invocations=53 (full 0):
 garbage-first heap   total 172032K, used 122101K [0x0000000080000000, 0x0000000100000000)
  region size 1024K, 8 young (8192K), 4 survivors (4096K)
 Metaspace       used 117949K, capacity 121071K, committed 121420K, reserved 1155072K
  class space    used 15314K, capacity 16518K, committed 16716K, reserved 1048576K
}
Event: 368.549 GC heap after
{Heap after GC invocations=54 (full 0):
 garbage-first heap   total 172032K, used 110110K [0x0000000080000000, 0x0000000100000000)
  region size 1024K, 1 young (1024K), 1 survivors (1024K)
 Metaspace       used 117949K, capacity 121071K, committed 121420K, reserved 1155072K
  class space    used 15314K, capacity 16518K, committed 16716K, reserved 1048576K
}
Event: 368.970 GC heap before
{Heap before GC invocations=54 (full 0):
 garbage-first heap   total 172032K, used 135710K [0x0000000080000000, 0x0000000100000000)
  region size 1024K, 28 young (28672K), 1 survivors (1024K)
 Metaspace       used 118411K, capacity 121489K, committed 122060K, reserved 1155072K
  class space    used 15356K, capacity 16551K, committed 16844K, reserved 1048576K
}
Event: 368.998 GC heap after
{Heap after GC invocations=55 (full 0):
 garbage-first heap   total 172032K, used 121133K [0x0000000080000000, 0x0000000100000000)
  region size 1024K, 4 young (4096K), 4 survivors (4096K)
 Metaspace       used 118411K, capacity 121489K, committed 122060K, reserved 1155072K
  class space    used 15356K, capacity 16551K, committed 16844K, reserved 1048576K
}
Event: 369.925 GC heap before
{Heap before GC invocations=56 (full 0):
 garbage-first heap   total 172032K, used 154925K [0x0000000080000000, 0x0000000100000000)
  region size 1024K, 23 young (23552K), 4 survivors (4096K)
 Metaspace       used 120175K, capacity 123371K, committed 123724K, reserved 1157120K
  class space    used 15511K, capacity 16722K, committed 16972K, reserved 1048576K
}
Event: 369.950 GC heap after
{Heap after GC invocations=57 (full 0):
 garbage-first heap   total 172032K, used 123728K [0x0000000080000000, 0x0000000100000000)
  region size 1024K, 2 young (2048K), 2 survivors (2048K)
 Metaspace       used 120175K, capacity 123371K, committed 123724K, reserved 1157120K
  class space    used 15511K, capacity 16722K, committed 16972K, reserved 1048576K
}
Event: 372.119 GC heap before
{Heap before GC invocations=57 (full 0):
 garbage-first heap   total 172032K, used 128848K [0x0000000080000000, 0x0000000100000000)
  region size 1024K, 8 young (8192K), 2 survivors (2048K)
 Metaspace       used 120381K, capacity 123562K, committed 123980K, reserved 1157120K
  class space    used 15533K, capacity 16732K, committed 16972K, reserved 1048576K
}
Event: 372.191 GC heap after
{Heap after GC invocations=58 (full 0):
 garbage-first heap   total 172032K, used 117248K [0x0000000080000000, 0x0000000100000000)
  region size 1024K, 1 young (1024K), 1 survivors (1024K)
 Metaspace       used 120381K, capacity 123562K, committed 123980K, reserved 1157120K
  class space    used 15533K, capacity 16732K, committed 16972K, reserved 1048576K
}
Event: 383.818 GC heap before
{Heap before GC invocations=58 (full 0):
 garbage-first heap   total 172032K, used 137728K [0x0000000080000000, 0x0000000100000000)
  region size 1024K, 22 young (22528K), 1 survivors (1024K)
 Metaspace       used 120733K, capacity 123986K, committed 124236K, reserved 1157120K
  class space    used 15563K, capacity 16798K, committed 16972K, reserved 1048576K
}
Event: 383.838 GC heap after
{Heap after GC invocations=59 (full 0):
 garbage-first heap   total 172032K, used 118781K [0x0000000080000000, 0x0000000100000000)
  region size 1024K, 3 young (3072K), 3 survivors (3072K)
 Metaspace       used 120733K, capacity 123986K, committed 124236K, reserved 1157120K
  class space    used 15563K, capacity 16798K, committed 16972K, reserved 1048576K
}

