# JRE version: OpenJDK Runtime Environment (11.0.10) (build 11.0.10+0-b96-7249189)
# Java VM: OpenJDK 64-Bit Server VM (11.0.10+0-b96-7249189, mixed mode, tiered, compressed oops, g1 gc, windows-amd64)
Heap:
 garbage-first heap   total 210944K, used 129157K [0x0000000080000000, 0x0000000100000000)
  region size 1024K, 13 young (13312K), 2 survivors (2048K)
 Metaspace       used 122957K, capacity 127685K, committed 127948K, reserved 1161216K
  class space    used 15372K, capacity 17028K, committed 17152K, reserved 1048576K
GC Heap History (20 events):
Event: 4250.665 GC heap before
{Heap before GC invocations=176 (full 0):
 garbage-first heap   total 210944K, used 141950K [0x0000000080000000, 0x0000000100000000)
  region size 1024K, 44 young (45056K), 2 survivors (2048K)
 Metaspace       used 122549K, capacity 127307K, committed 127564K, reserved 1159168K
  class space    used 15359K, capacity 17007K, committed 17024K, reserved 1048576K
}
Event: 4250.677 GC heap after
{Heap after GC invocations=177 (full 0):
 garbage-first heap   total 210944K, used 101422K [0x0000000080000000, 0x0000000100000000)
  region size 1024K, 2 young (2048K), 2 survivors (2048K)
 Metaspace       used 122549K, capacity 127307K, committed 127564K, reserved 1159168K
  class space    used 15359K, capacity 17007K, committed 17024K, reserved 1048576K
}
Event: 4315.583 GC heap before
{Heap before GC invocations=178 (full 0):
 garbage-first heap   total 210944K, used 173102K [0x0000000080000000, 0x0000000100000000)
  region size 1024K, 61 young (62464K), 2 survivors (2048K)
 Metaspace       used 122697K, capacity 127454K, committed 127564K, reserved 1159168K
  class space    used 15368K, capacity 17022K, committed 17024K, reserved 1048576K
}
Event: 4315.634 GC heap after
{Heap after GC invocations=179 (full 0):
 garbage-first heap   total 210944K, used 106783K [0x0000000080000000, 0x0000000100000000)
  region size 1024K, 7 young (7168K), 7 survivors (7168K)
 Metaspace       used 122697K, capacity 127454K, committed 127564K, reserved 1159168K
  class space    used 15368K, capacity 17022K, committed 17024K, reserved 1048576K
}
Event: 4315.663 GC heap before
{Heap before GC invocations=179 (full 0):
 garbage-first heap   total 210944K, used 108831K [0x0000000080000000, 0x0000000100000000)
  region size 1024K, 10 young (10240K), 7 survivors (7168K)
 Metaspace       used 122702K, capacity 127454K, committed 127564K, reserved 1159168K
  class space    used 15368K, capacity 17022K, committed 17024K, reserved 1048576K
}
Event: 4315.820 GC heap after
{Heap after GC invocations=180 (full 0):
 garbage-first heap   total 210944K, used 101200K [0x0000000080000000, 0x0000000100000000)
  region size 1024K, 1 young (1024K), 1 survivors (1024K)
 Metaspace       used 122702K, capacity 127454K, committed 127564K, reserved 1159168K
  class space    used 15368K, capacity 17022K, committed 17024K, reserved 1048576K
}
Event: 4316.375 GC heap before
{Heap before GC invocations=180 (full 0):
 garbage-first heap   total 210944K, used 130896K [0x0000000080000000, 0x0000000100000000)
  region size 1024K, 31 young (31744K), 1 survivors (1024K)
 Metaspace       used 122801K, capacity 127550K, committed 127692K, reserved 1159168K
  class space    used 15371K, capacity 17027K, committed 17152K, reserved 1048576K
}
Event: 4316.386 GC heap after
{Heap after GC invocations=181 (full 0):
 garbage-first heap   total 210944K, used 101118K [0x0000000080000000, 0x0000000100000000)
  region size 1024K, 1 young (1024K), 1 survivors (1024K)
 Metaspace       used 122801K, capacity 127550K, committed 127692K, reserved 1159168K
  class space    used 15371K, capacity 17027K, committed 17152K, reserved 1048576K
}
Event: 4458.481 GC heap before
{Heap before GC invocations=182 (full 0):
 garbage-first heap   total 210944K, used 176894K [0x0000000080000000, 0x0000000100000000)
  region size 1024K, 62 young (63488K), 1 survivors (1024K)
 Metaspace       used 122907K, capacity 127615K, committed 127948K, reserved 1161216K
  class space    used 15371K, capacity 17027K, committed 17152K, reserved 1048576K
}
Event: 4458.597 GC heap after
{Heap after GC invocations=183 (full 0):
 garbage-first heap   total 210944K, used 118220K [0x0000000080000000, 0x0000000100000000)
  region size 1024K, 8 young (8192K), 8 survivors (8192K)
 Metaspace       used 122907K, capacity 127615K, committed 127948K, reserved 1161216K
  class space    used 15371K, capacity 17027K, committed 17152K, reserved 1048576K
}
Event: 4458.632 GC heap before
{Heap before GC invocations=183 (full 0):
 garbage-first heap   total 210944K, used 120268K [0x0000000080000000, 0x0000000100000000)
  region size 1024K, 10 young (10240K), 8 survivors (8192K)
 Metaspace       used 122907K, capacity 127615K, committed 127948K, reserved 1161216K
  class space    used 15371K, capacity 17027K, committed 17152K, reserved 1048576K
}
Event: 4458.791 GC heap after
{Heap after GC invocations=184 (full 0):
 garbage-first heap   total 210944K, used 114688K [0x0000000080000000, 0x0000000100000000)
  region size 1024K, 1 young (1024K), 1 survivors (1024K)
 Metaspace       used 122907K, capacity 127615K, committed 127948K, reserved 1161216K
  class space    used 15371K, capacity 17027K, committed 17152K, reserved 1048576K
}
Event: 4458.903 GC heap before
{Heap before GC invocations=184 (full 0):
 garbage-first heap   total 210944K, used 124928K [0x0000000080000000, 0x0000000100000000)
  region size 1024K, 13 young (13312K), 1 survivors (1024K)
 Metaspace       used 122912K, capacity 127615K, committed 127948K, reserved 1161216K
  class space    used 15371K, capacity 17027K, committed 17152K, reserved 1048576K
}
Event: 4458.920 GC heap after
{Heap after GC invocations=185 (full 0):
 garbage-first heap   total 210944K, used 120832K [0x0000000080000000, 0x0000000100000000)
  region size 1024K, 6 young (6144K), 6 survivors (6144K)
 Metaspace       used 122912K, capacity 127615K, committed 127948K, reserved 1161216K
  class space    used 15371K, capacity 17027K, committed 17152K, reserved 1048576K
}
Event: 4463.440 GC heap before
{Heap before GC invocations=186 (full 0):
 garbage-first heap   total 210944K, used 177152K [0x0000000080000000, 0x0000000100000000)
  region size 1024K, 47 young (48128K), 6 survivors (6144K)
 Metaspace       used 122943K, capacity 127685K, committed 127948K, reserved 1161216K
  class space    used 15372K, capacity 17028K, committed 17152K, reserved 1048576K
}
Event: 4463.505 GC heap after
{Heap after GC invocations=187 (full 0):
 garbage-first heap   total 210944K, used 126275K [0x0000000080000000, 0x0000000100000000)
  region size 1024K, 6 young (6144K), 6 survivors (6144K)
 Metaspace       used 122943K, capacity 127685K, committed 127948K, reserved 1161216K
  class space    used 15372K, capacity 17028K, committed 17152K, reserved 1048576K
}
Event: 4463.520 GC heap before
{Heap before GC invocations=187 (full 0):
 garbage-first heap   total 210944K, used 129347K [0x0000000080000000, 0x0000000100000000)
  region size 1024K, 10 young (10240K), 6 survivors (6144K)
 Metaspace       used 122943K, capacity 127685K, committed 127948K, reserved 1161216K
  class space    used 15372K, capacity 17028K, committed 17152K, reserved 1048576K
}
Event: 4463.578 GC heap after
{Heap after GC invocations=188 (full 0):
 garbage-first heap   total 210944K, used 116352K [0x0000000080000000, 0x0000000100000000)
  region size 1024K, 1 young (1024K), 1 survivors (1024K)
 Metaspace       used 122943K, capacity 127685K, committed 127948K, reserved 1161216K
  class space    used 15372K, capacity 17028K, committed 17152K, reserved 1048576K
}
Event: 4471.934 GC heap before
{Heap before GC invocations=188 (full 0):
 garbage-first heap   total 210944K, used 145024K [0x0000000080000000, 0x0000000100000000)
  region size 1024K, 31 young (31744K), 1 survivors (1024K)
 Metaspace       used 122946K, capacity 127685K, committed 127948K, reserved 1161216K
  class space    used 15372K, capacity 17028K, committed 17152K, reserved 1048576K
}
Event: 4471.945 GC heap after
{Heap after GC invocations=189 (full 0):
 garbage-first heap   total 210944K, used 116869K [0x0000000080000000, 0x0000000100000000)
  region size 1024K, 2 young (2048K), 2 survivors (2048K)
 Metaspace       used 122946K, capacity 127685K, committed 127948K, reserved 1161216K
  class space    used 15372K, capacity 17028K, committed 17152K, reserved 1048576K
}

